Log opened at 2018-07-25 08:49:51
I: Connecting to configured address/port: localhost:9005.
W: Creating socket for 'localhost:9005', poll success, but error: Operation now in progress (29).
W: Creating socket for 'localhost:9005', connect: Cannot assign requested address.
E: Could not connect to client. :-(
Log closed at 2018-07-25 08:49:51

Log opened at 2018-07-25 08:49:51
I: Connecting to configured address/port: localhost:9005.
W: Creating socket for 'localhost:9005', poll success, but error: Operation now in progress (29).
W: Creating socket for 'localhost:9005', connect: Cannot assign requested address.
E: Could not connect to client. :-(
Log closed at 2018-07-25 08:49:51

Log opened at 2018-07-25 08:49:51
I: Connecting to configured address/port: localhost:9005.
W: Creating socket for 'localhost:9005', poll success, but error: Operation now in progress (29).
W: Creating socket for 'localhost:9005', connect: Cannot assign requested address.
E: Could not connect to client. :-(
Log closed at 2018-07-25 08:49:51

Log opened at 2018-07-27 10:55:23
I: Connecting to configured address/port: localhost:9005.
W: Creating socket for 'localhost:9005', poll success, but error: Operation now in progress (29).
W: Creating socket for 'localhost:9005', connect: Cannot assign requested address.
E: Could not connect to client. :-(
Log closed at 2018-07-27 10:55:23

Log opened at 2018-07-27 10:55:25
I: Connecting to configured address/port: localhost:9005.
W: Creating socket for 'localhost:9005', poll success, but error: Operation now in progress (29).
W: Creating socket for 'localhost:9005', connect: Cannot assign requested address.
E: Could not connect to client. :-(
Log closed at 2018-07-27 10:55:25

Log opened at 2018-07-27 10:55:51
I: Connecting to configured address/port: localhost:9005.
W: Creating socket for 'localhost:9005', poll success, but error: Operation now in progress (29).
W: Creating socket for 'localhost:9005', connect: Cannot assign requested address.
E: Could not connect to client. :-(
Log closed at 2018-07-27 10:55:51

Log opened at 2018-07-27 10:55:51
I: Connecting to configured address/port: localhost:9005.
W: Creating socket for 'localhost:9005', poll success, but error: Operation now in progress (29).
W: Creating socket for 'localhost:9005', connect: Cannot assign requested address.
E: Could not connect to client. :-(
Log closed at 2018-07-27 10:55:51

Log opened at 2018-07-27 10:56:46
I: Connecting to configured address/port: localhost:9005.
W: Creating socket for 'localhost:9005', poll success, but error: Operation now in progress (29).
W: Creating socket for 'localhost:9005', connect: Cannot assign requested address.
E: Could not connect to client. :-(
Log closed at 2018-07-27 10:56:46

Log opened at 2018-07-27 10:56:46
I: Connecting to configured address/port: localhost:9005.
W: Creating socket for 'localhost:9005', poll success, but error: Operation now in progress (29).
W: Creating socket for 'localhost:9005', connect: Cannot assign requested address.
E: Could not connect to client. :-(
Log closed at 2018-07-27 10:56:46

Log opened at 2018-07-28 01:50:07
I: Connecting to configured address/port: localhost:9005.
W: Creating socket for 'localhost:9005', poll success, but error: Operation now in progress (29).
W: Creating socket for 'localhost:9005', connect: Cannot assign requested address.
E: Could not connect to client. :-(
Log closed at 2018-07-28 01:50:07

Log opened at 2018-07-28 01:50:09
I: Connecting to configured address/port: localhost:9005.
W: Creating socket for 'localhost:9005', poll success, but error: Operation now in progress (29).
W: Creating socket for 'localhost:9005', connect: Cannot assign requested address.
E: Could not connect to client. :-(
Log closed at 2018-07-28 01:50:09

Log opened at 2018-07-28 01:50:09
I: Connecting to configured address/port: localhost:9005.
W: Creating socket for 'localhost:9005', poll success, but error: Operation now in progress (29).
W: Creating socket for 'localhost:9005', connect: Cannot assign requested address.
E: Could not connect to client. :-(
Log closed at 2018-07-28 01:50:09

Log opened at 2018-07-28 01:51:24
I: Connecting to configured address/port: localhost:9005.
W: Creating socket for 'localhost:9005', poll success, but error: Operation now in progress (29).
W: Creating socket for 'localhost:9005', connect: Cannot assign requested address.
E: Could not connect to client. :-(
Log closed at 2018-07-28 01:51:24

Log opened at 2018-07-28 01:51:24
I: Connecting to configured address/port: localhost:9005.
W: Creating socket for 'localhost:9005', poll success, but error: Operation now in progress (29).
W: Creating socket for 'localhost:9005', connect: Cannot assign requested address.
E: Could not connect to client. :-(
Log closed at 2018-07-28 01:51:24

Log opened at 2018-07-28 01:51:24
I: Connecting to configured address/port: localhost:9005.
W: Creating socket for 'localhost:9005', poll success, but error: Operation now in progress (29).
W: Creating socket for 'localhost:9005', connect: Cannot assign requested address.
E: Could not connect to client. :-(
Log closed at 2018-07-28 01:51:24

Log opened at 2018-07-30 02:46:36
I: Connecting to configured address/port: localhost:9005.
W: Creating socket for 'localhost:9005', poll success, but error: Operation now in progress (29).
W: Creating socket for 'localhost:9005', connect: Cannot assign requested address.
E: Could not connect to client. :-(
Log closed at 2018-07-30 02:46:36

Log opened at 2018-07-30 02:46:37
I: Connecting to configured address/port: localhost:9005.
W: Creating socket for 'localhost:9005', poll success, but error: Operation now in progress (29).
W: Creating socket for 'localhost:9005', connect: Cannot assign requested address.
E: Could not connect to client. :-(
Log closed at 2018-07-30 02:46:37

Log opened at 2018-07-30 02:46:40
I: Connecting to configured address/port: localhost:9005.
W: Creating socket for 'localhost:9005', poll success, but error: Operation now in progress (29).
W: Creating socket for 'localhost:9005', connect: Cannot assign requested address.
E: Could not connect to client. :-(
Log closed at 2018-07-30 02:46:40

Log opened at 2018-07-30 02:46:40
I: Connecting to configured address/port: localhost:9005.
W: Creating socket for 'localhost:9005', poll success, but error: Operation now in progress (29).
W: Creating socket for 'localhost:9005', connect: Cannot assign requested address.
E: Could not connect to client. :-(
Log closed at 2018-07-30 02:46:40

Log opened at 2018-07-30 03:12:57
I: Connecting to configured address/port: localhost:9005.
W: Creating socket for 'localhost:9005', poll success, but error: Operation now in progress (29).
W: Creating socket for 'localhost:9005', connect: Cannot assign requested address.
E: Could not connect to client. :-(
Log closed at 2018-07-30 03:12:57

Log opened at 2018-07-30 03:12:57
I: Connecting to configured address/port: localhost:9005.
W: Creating socket for 'localhost:9005', poll success, but error: Operation now in progress (29).
W: Creating socket for 'localhost:9005', connect: Cannot assign requested address.
E: Could not connect to client. :-(
Log closed at 2018-07-30 03:12:57

Log opened at 2018-07-30 07:00:23
I: Connecting to configured address/port: localhost:9005.
W: Creating socket for 'localhost:9005', poll success, but error: Operation now in progress (29).
W: Creating socket for 'localhost:9005', connect: Cannot assign requested address.
E: Could not connect to client. :-(
Log closed at 2018-07-30 07:00:23

Log opened at 2018-07-30 07:00:25
I: Connecting to configured address/port: localhost:9005.
W: Creating socket for 'localhost:9005', poll success, but error: Operation now in progress (29).
W: Creating socket for 'localhost:9005', connect: Cannot assign requested address.
E: Could not connect to client. :-(
Log closed at 2018-07-30 07:00:25

Log opened at 2018-07-30 07:00:25
I: Connecting to configured address/port: localhost:9005.
W: Creating socket for 'localhost:9005', poll success, but error: Operation now in progress (29).
W: Creating socket for 'localhost:9005', connect: Cannot assign requested address.
E: Could not connect to client. :-(
Log closed at 2018-07-30 07:00:25

Log opened at 2018-07-30 07:00:36
I: Connecting to configured address/port: localhost:9005.
W: Creating socket for 'localhost:9005', poll success, but error: Operation now in progress (29).
W: Creating socket for 'localhost:9005', connect: Cannot assign requested address.
E: Could not connect to client. :-(
Log closed at 2018-07-30 07:00:36

Log opened at 2018-07-30 07:00:36
I: Connecting to configured address/port: localhost:9005.
W: Creating socket for 'localhost:9005', poll success, but error: Operation now in progress (29).
W: Creating socket for 'localhost:9005', connect: Cannot assign requested address.
E: Could not connect to client. :-(
Log closed at 2018-07-30 07:00:36

Log opened at 2018-07-30 07:00:36
I: Connecting to configured address/port: localhost:9005.
W: Creating socket for 'localhost:9005', poll success, but error: Operation now in progress (29).
W: Creating socket for 'localhost:9005', connect: Cannot assign requested address.
E: Could not connect to client. :-(
Log closed at 2018-07-30 07:00:36

Log opened at 2018-07-30 07:00:36
I: Connecting to configured address/port: localhost:9005.
W: Creating socket for 'localhost:9005', poll success, but error: Operation now in progress (29).
W: Creating socket for 'localhost:9005', connect: Cannot assign requested address.
E: Could not connect to client. :-(
Log closed at 2018-07-30 07:00:36

Log opened at 2018-07-30 07:02:19
I: Connecting to configured address/port: localhost:9005.
W: Creating socket for 'localhost:9005', poll success, but error: Operation now in progress (29).
W: Creating socket for 'localhost:9005', connect: Cannot assign requested address.
E: Could not connect to client. :-(
Log closed at 2018-07-30 07:02:19

Log opened at 2018-07-30 07:02:19
I: Connecting to configured address/port: localhost:9005.
W: Creating socket for 'localhost:9005', poll success, but error: Operation now in progress (29).
W: Creating socket for 'localhost:9005', connect: Cannot assign requested address.
E: Could not connect to client. :-(
Log closed at 2018-07-30 07:02:19

Log opened at 2018-07-30 07:02:19
I: Connecting to configured address/port: localhost:9005.
W: Creating socket for 'localhost:9005', poll success, but error: Operation now in progress (29).
W: Creating socket for 'localhost:9005', connect: Cannot assign requested address.
E: Could not connect to client. :-(
Log closed at 2018-07-30 07:02:19

Log opened at 2018-07-30 07:02:19
I: Connecting to configured address/port: localhost:9005.
W: Creating socket for 'localhost:9005', poll success, but error: Operation now in progress (29).
W: Creating socket for 'localhost:9005', connect: Cannot assign requested address.
E: Could not connect to client. :-(
Log closed at 2018-07-30 07:02:19

Log opened at 2018-07-30 07:03:29
I: Connecting to configured address/port: localhost:9005.
W: Creating socket for 'localhost:9005', poll success, but error: Operation now in progress (29).
W: Creating socket for 'localhost:9005', connect: Cannot assign requested address.
E: Could not connect to client. :-(
Log closed at 2018-07-30 07:03:29

Log opened at 2018-07-30 07:03:30
I: Connecting to configured address/port: localhost:9005.
W: Creating socket for 'localhost:9005', poll success, but error: Operation now in progress (29).
W: Creating socket for 'localhost:9005', connect: Cannot assign requested address.
E: Could not connect to client. :-(
Log closed at 2018-07-30 07:03:30

Log opened at 2018-07-30 07:03:30
I: Connecting to configured address/port: localhost:9005.
W: Creating socket for 'localhost:9005', poll success, but error: Operation now in progress (29).
W: Creating socket for 'localhost:9005', connect: Cannot assign requested address.
E: Could not connect to client. :-(
Log closed at 2018-07-30 07:03:30

Log opened at 2018-07-30 07:03:30
I: Connecting to configured address/port: localhost:9005.
W: Creating socket for 'localhost:9005', poll success, but error: Operation now in progress (29).
W: Creating socket for 'localhost:9005', connect: Cannot assign requested address.
E: Could not connect to client. :-(
Log closed at 2018-07-30 07:03:30

Log opened at 2018-07-30 07:06:30
I: Connecting to configured address/port: localhost:9005.
W: Creating socket for 'localhost:9005', poll success, but error: Operation now in progress (29).
W: Creating socket for 'localhost:9005', connect: Cannot assign requested address.
E: Could not connect to client. :-(
Log closed at 2018-07-30 07:06:30

Log opened at 2018-07-30 07:06:30
I: Connecting to configured address/port: localhost:9005.
W: Creating socket for 'localhost:9005', poll success, but error: Operation now in progress (29).
W: Creating socket for 'localhost:9005', connect: Cannot assign requested address.
E: Could not connect to client. :-(
Log closed at 2018-07-30 07:06:30

Log opened at 2018-07-30 07:06:30
I: Connecting to configured address/port: localhost:9005.
W: Creating socket for 'localhost:9005', poll success, but error: Operation now in progress (29).
W: Creating socket for 'localhost:9005', connect: Cannot assign requested address.
E: Could not connect to client. :-(
Log closed at 2018-07-30 07:06:30

Log opened at 2018-07-30 07:06:43
I: Connecting to configured address/port: localhost:9005.
W: Creating socket for 'localhost:9005', poll success, but error: Operation now in progress (29).
W: Creating socket for 'localhost:9005', connect: Cannot assign requested address.
E: Could not connect to client. :-(
Log closed at 2018-07-30 07:06:43

Log opened at 2018-07-30 07:06:43
I: Connecting to configured address/port: localhost:9005.
W: Creating socket for 'localhost:9005', poll success, but error: Operation now in progress (29).
W: Creating socket for 'localhost:9005', connect: Cannot assign requested address.
E: Could not connect to client. :-(
Log closed at 2018-07-30 07:06:43

Log opened at 2018-07-30 07:07:10
I: Connecting to configured address/port: localhost:9005.
W: Creating socket for 'localhost:9005', poll success, but error: Operation now in progress (29).
W: Creating socket for 'localhost:9005', connect: Cannot assign requested address.
E: Could not connect to client. :-(
Log closed at 2018-07-30 07:07:10

Log opened at 2018-07-30 07:07:10
I: Connecting to configured address/port: localhost:9005.
W: Creating socket for 'localhost:9005', poll success, but error: Operation now in progress (29).
W: Creating socket for 'localhost:9005', connect: Cannot assign requested address.
E: Could not connect to client. :-(
Log closed at 2018-07-30 07:07:10

Log opened at 2018-07-30 07:07:10
I: Connecting to configured address/port: localhost:9005.
W: Creating socket for 'localhost:9005', poll success, but error: Operation now in progress (29).
W: Creating socket for 'localhost:9005', connect: Cannot assign requested address.
E: Could not connect to client. :-(
Log closed at 2018-07-30 07:07:10

Log opened at 2018-07-30 07:07:28
I: Connecting to configured address/port: localhost:9005.
W: Creating socket for 'localhost:9005', poll success, but error: Operation now in progress (29).
W: Creating socket for 'localhost:9005', connect: Cannot assign requested address.
E: Could not connect to client. :-(
Log closed at 2018-07-30 07:07:28

Log opened at 2018-07-30 07:07:28
I: Connecting to configured address/port: localhost:9005.
W: Creating socket for 'localhost:9005', poll success, but error: Operation now in progress (29).
W: Creating socket for 'localhost:9005', connect: Cannot assign requested address.
E: Could not connect to client. :-(
Log closed at 2018-07-30 07:07:28

Log opened at 2018-07-30 07:07:28
I: Connecting to configured address/port: localhost:9005.
W: Creating socket for 'localhost:9005', poll success, but error: Operation now in progress (29).
W: Creating socket for 'localhost:9005', connect: Cannot assign requested address.
E: Could not connect to client. :-(
Log closed at 2018-07-30 07:07:28

Log opened at 2018-07-31 01:14:40
I: Connecting to configured address/port: localhost:9005.
W: Creating socket for 'localhost:9005', poll success, but error: Operation now in progress (29).
W: Creating socket for 'localhost:9005', connect: Cannot assign requested address.
E: Could not connect to client. :-(
Log closed at 2018-07-31 01:14:40

Log opened at 2018-07-31 01:14:42
I: Connecting to configured address/port: localhost:9005.
W: Creating socket for 'localhost:9005', poll success, but error: Operation now in progress (29).
W: Creating socket for 'localhost:9005', connect: Cannot assign requested address.
E: Could not connect to client. :-(
Log closed at 2018-07-31 01:14:42

Log opened at 2018-07-31 01:14:42
I: Connecting to configured address/port: localhost:9005.
W: Creating socket for 'localhost:9005', poll success, but error: Operation now in progress (29).
W: Creating socket for 'localhost:9005', connect: Cannot assign requested address.
E: Could not connect to client. :-(
Log closed at 2018-07-31 01:14:42

Log opened at 2018-07-31 01:14:49
I: Connecting to configured address/port: localhost:9005.
W: Creating socket for 'localhost:9005', poll success, but error: Operation now in progress (29).
W: Creating socket for 'localhost:9005', connect: Cannot assign requested address.
E: Could not connect to client. :-(
Log closed at 2018-07-31 01:14:49

Log opened at 2018-07-31 01:14:50
I: Connecting to configured address/port: localhost:9005.
W: Creating socket for 'localhost:9005', poll success, but error: Operation now in progress (29).
W: Creating socket for 'localhost:9005', connect: Cannot assign requested address.
E: Could not connect to client. :-(
Log closed at 2018-07-31 01:14:50

Log opened at 2018-07-31 01:14:50
I: Connecting to configured address/port: localhost:9005.
W: Creating socket for 'localhost:9005', poll success, but error: Operation now in progress (29).
W: Creating socket for 'localhost:9005', connect: Cannot assign requested address.
E: Could not connect to client. :-(
Log closed at 2018-07-31 01:14:50

Log opened at 2018-07-31 01:15:12
I: Connecting to configured address/port: localhost:9005.
W: Creating socket for 'localhost:9005', poll success, but error: Operation now in progress (29).
W: Creating socket for 'localhost:9005', connect: Cannot assign requested address.
E: Could not connect to client. :-(
Log closed at 2018-07-31 01:15:12

Log opened at 2018-07-31 01:15:12
I: Connecting to configured address/port: localhost:9005.
W: Creating socket for 'localhost:9005', poll success, but error: Operation now in progress (29).
W: Creating socket for 'localhost:9005', connect: Cannot assign requested address.
E: Could not connect to client. :-(
Log closed at 2018-07-31 01:15:12

Log opened at 2018-07-31 01:16:20
I: Connecting to configured address/port: localhost:9005.
W: Creating socket for 'localhost:9005', poll success, but error: Operation now in progress (29).
W: Creating socket for 'localhost:9005', connect: Cannot assign requested address.
E: Could not connect to client. :-(
Log closed at 2018-07-31 01:16:20

Log opened at 2018-07-31 01:16:20
I: Connecting to configured address/port: localhost:9005.
W: Creating socket for 'localhost:9005', poll success, but error: Operation now in progress (29).
W: Creating socket for 'localhost:9005', connect: Cannot assign requested address.
E: Could not connect to client. :-(
Log closed at 2018-07-31 01:16:20

Log opened at 2018-07-31 01:16:38
I: Connecting to configured address/port: localhost:9005.
W: Creating socket for 'localhost:9005', poll success, but error: Operation now in progress (29).
W: Creating socket for 'localhost:9005', connect: Cannot assign requested address.
E: Could not connect to client. :-(
Log closed at 2018-07-31 01:16:38

Log opened at 2018-07-31 01:16:38
I: Connecting to configured address/port: localhost:9005.
W: Creating socket for 'localhost:9005', poll success, but error: Operation now in progress (29).
W: Creating socket for 'localhost:9005', connect: Cannot assign requested address.
E: Could not connect to client. :-(
Log closed at 2018-07-31 01:16:38

Log opened at 2018-07-31 03:08:03
I: Connecting to configured address/port: localhost:9005.
W: Creating socket for 'localhost:9005', poll success, but error: Operation now in progress (29).
W: Creating socket for 'localhost:9005', connect: Cannot assign requested address.
E: Could not connect to client. :-(
Log closed at 2018-07-31 03:08:03

Log opened at 2018-07-31 03:08:03
I: Connecting to configured address/port: localhost:9005.
W: Creating socket for 'localhost:9005', poll success, but error: Operation now in progress (29).
W: Creating socket for 'localhost:9005', connect: Cannot assign requested address.
E: Could not connect to client. :-(
Log closed at 2018-07-31 03:08:03

Log opened at 2018-07-31 03:08:17
I: Connecting to configured address/port: localhost:9005.
W: Creating socket for 'localhost:9005', poll success, but error: Operation now in progress (29).
W: Creating socket for 'localhost:9005', connect: Cannot assign requested address.
E: Could not connect to client. :-(
Log closed at 2018-07-31 03:08:17

Log opened at 2018-07-31 03:08:17
I: Connecting to configured address/port: localhost:9005.
W: Creating socket for 'localhost:9005', poll success, but error: Operation now in progress (29).
W: Creating socket for 'localhost:9005', connect: Cannot assign requested address.
E: Could not connect to client. :-(
Log closed at 2018-07-31 03:08:17

Log opened at 2018-07-31 03:13:20
I: Connecting to configured address/port: localhost:9005.
W: Creating socket for 'localhost:9005', poll success, but error: Operation now in progress (29).
W: Creating socket for 'localhost:9005', connect: Cannot assign requested address.
E: Could not connect to client. :-(
Log closed at 2018-07-31 03:13:20

Log opened at 2018-07-31 03:13:20
I: Connecting to configured address/port: localhost:9005.
W: Creating socket for 'localhost:9005', poll success, but error: Operation now in progress (29).
W: Creating socket for 'localhost:9005', connect: Cannot assign requested address.
E: Could not connect to client. :-(
Log closed at 2018-07-31 03:13:20

Log opened at 2018-07-31 03:13:20
I: Connecting to configured address/port: localhost:9005.
W: Creating socket for 'localhost:9005', poll success, but error: Operation now in progress (29).
W: Creating socket for 'localhost:9005', connect: Cannot assign requested address.
E: Could not connect to client. :-(
Log closed at 2018-07-31 03:13:20

Log opened at 2018-07-31 03:13:46
I: Connecting to configured address/port: localhost:9005.
W: Creating socket for 'localhost:9005', poll success, but error: Operation now in progress (29).
W: Creating socket for 'localhost:9005', connect: Cannot assign requested address.
E: Could not connect to client. :-(
Log closed at 2018-07-31 03:13:46

Log opened at 2018-07-31 03:13:46
I: Connecting to configured address/port: localhost:9005.
W: Creating socket for 'localhost:9005', poll success, but error: Operation now in progress (29).
W: Creating socket for 'localhost:9005', connect: Cannot assign requested address.
E: Could not connect to client. :-(
Log closed at 2018-07-31 03:13:46

Log opened at 2018-07-31 03:13:46
I: Connecting to configured address/port: localhost:9005.
W: Creating socket for 'localhost:9005', poll success, but error: Operation now in progress (29).
W: Creating socket for 'localhost:9005', connect: Cannot assign requested address.
E: Could not connect to client. :-(
Log closed at 2018-07-31 03:13:46

Log opened at 2018-07-31 03:14:11
I: Connecting to configured address/port: localhost:9005.
W: Creating socket for 'localhost:9005', poll success, but error: Operation now in progress (29).
W: Creating socket for 'localhost:9005', connect: Cannot assign requested address.
E: Could not connect to client. :-(
Log closed at 2018-07-31 03:14:11

Log opened at 2018-07-31 03:14:11
I: Connecting to configured address/port: localhost:9005.
W: Creating socket for 'localhost:9005', poll success, but error: Operation now in progress (29).
W: Creating socket for 'localhost:9005', connect: Cannot assign requested address.
E: Could not connect to client. :-(
Log closed at 2018-07-31 03:14:11

Log opened at 2018-07-31 03:14:11
I: Connecting to configured address/port: localhost:9005.
W: Creating socket for 'localhost:9005', poll success, but error: Operation now in progress (29).
W: Creating socket for 'localhost:9005', connect: Cannot assign requested address.
E: Could not connect to client. :-(
Log closed at 2018-07-31 03:14:11

Log opened at 2018-07-31 03:16:54
I: Connecting to configured address/port: localhost:9005.
W: Creating socket for 'localhost:9005', poll success, but error: Operation now in progress (29).
W: Creating socket for 'localhost:9005', connect: Cannot assign requested address.
E: Could not connect to client. :-(
Log closed at 2018-07-31 03:16:54

Log opened at 2018-07-31 03:16:54
I: Connecting to configured address/port: localhost:9005.
W: Creating socket for 'localhost:9005', poll success, but error: Operation now in progress (29).
W: Creating socket for 'localhost:9005', connect: Cannot assign requested address.
E: Could not connect to client. :-(
Log closed at 2018-07-31 03:16:54

Log opened at 2018-07-31 03:16:55
I: Connecting to configured address/port: localhost:9005.
W: Creating socket for 'localhost:9005', poll success, but error: Operation now in progress (29).
W: Creating socket for 'localhost:9005', connect: Cannot assign requested address.
E: Could not connect to client. :-(
Log closed at 2018-07-31 03:16:55

Log opened at 2018-07-31 03:17:00
I: Connecting to configured address/port: localhost:9005.
W: Creating socket for 'localhost:9005', poll success, but error: Operation now in progress (29).
W: Creating socket for 'localhost:9005', connect: Cannot assign requested address.
E: Could not connect to client. :-(
Log closed at 2018-07-31 03:17:00

Log opened at 2018-07-31 03:17:00
I: Connecting to configured address/port: localhost:9005.
W: Creating socket for 'localhost:9005', poll success, but error: Operation now in progress (29).
W: Creating socket for 'localhost:9005', connect: Cannot assign requested address.
E: Could not connect to client. :-(
Log closed at 2018-07-31 03:17:00

Log opened at 2018-07-31 03:17:01
I: Connecting to configured address/port: localhost:9005.
W: Creating socket for 'localhost:9005', poll success, but error: Operation now in progress (29).
W: Creating socket for 'localhost:9005', connect: Cannot assign requested address.
E: Could not connect to client. :-(
Log closed at 2018-07-31 03:17:01

Log opened at 2018-07-31 03:19:02
I: Connecting to configured address/port: localhost:9005.
W: Creating socket for 'localhost:9005', poll success, but error: Operation now in progress (29).
W: Creating socket for 'localhost:9005', connect: Cannot assign requested address.
E: Could not connect to client. :-(
Log closed at 2018-07-31 03:19:02

Log opened at 2018-07-31 03:19:03
I: Connecting to configured address/port: localhost:9005.
W: Creating socket for 'localhost:9005', poll success, but error: Operation now in progress (29).
W: Creating socket for 'localhost:9005', connect: Cannot assign requested address.
E: Could not connect to client. :-(
Log closed at 2018-07-31 03:19:03

Log opened at 2018-07-31 03:19:03
I: Connecting to configured address/port: localhost:9005.
W: Creating socket for 'localhost:9005', poll success, but error: Operation now in progress (29).
W: Creating socket for 'localhost:9005', connect: Cannot assign requested address.
E: Could not connect to client. :-(
Log closed at 2018-07-31 03:19:03

Log opened at 2018-07-31 03:19:28
I: Connecting to configured address/port: localhost:9005.
W: Creating socket for 'localhost:9005', poll success, but error: Operation now in progress (29).
W: Creating socket for 'localhost:9005', connect: Cannot assign requested address.
E: Could not connect to client. :-(
Log closed at 2018-07-31 03:19:28

Log opened at 2018-07-31 03:19:28
I: Connecting to configured address/port: localhost:9005.
W: Creating socket for 'localhost:9005', poll success, but error: Operation now in progress (29).
W: Creating socket for 'localhost:9005', connect: Cannot assign requested address.
E: Could not connect to client. :-(
Log closed at 2018-07-31 03:19:28

Log opened at 2018-07-31 03:19:28
I: Connecting to configured address/port: localhost:9005.
W: Creating socket for 'localhost:9005', poll success, but error: Operation now in progress (29).
W: Creating socket for 'localhost:9005', connect: Cannot assign requested address.
E: Could not connect to client. :-(
Log closed at 2018-07-31 03:19:28

Log opened at 2018-07-31 03:20:08
I: Connecting to configured address/port: localhost:9005.
W: Creating socket for 'localhost:9005', poll success, but error: Operation now in progress (29).
W: Creating socket for 'localhost:9005', connect: Cannot assign requested address.
E: Could not connect to client. :-(
Log closed at 2018-07-31 03:20:08

Log opened at 2018-07-31 03:20:08
I: Connecting to configured address/port: localhost:9005.
W: Creating socket for 'localhost:9005', poll success, but error: Operation now in progress (29).
W: Creating socket for 'localhost:9005', connect: Cannot assign requested address.
E: Could not connect to client. :-(
Log closed at 2018-07-31 03:20:08

Log opened at 2018-07-31 03:20:08
I: Connecting to configured address/port: localhost:9005.
W: Creating socket for 'localhost:9005', poll success, but error: Operation now in progress (29).
W: Creating socket for 'localhost:9005', connect: Cannot assign requested address.
E: Could not connect to client. :-(
Log closed at 2018-07-31 03:20:08

Log opened at 2018-07-31 03:21:36
I: Connecting to configured address/port: localhost:9005.
W: Creating socket for 'localhost:9005', poll success, but error: Operation now in progress (29).
W: Creating socket for 'localhost:9005', connect: Cannot assign requested address.
E: Could not connect to client. :-(
Log closed at 2018-07-31 03:21:36

Log opened at 2018-07-31 03:21:36
I: Connecting to configured address/port: localhost:9005.
W: Creating socket for 'localhost:9005', poll success, but error: Operation now in progress (29).
W: Creating socket for 'localhost:9005', connect: Cannot assign requested address.
E: Could not connect to client. :-(
Log closed at 2018-07-31 03:21:36

Log opened at 2018-07-31 03:21:36
I: Connecting to configured address/port: localhost:9005.
W: Creating socket for 'localhost:9005', poll success, but error: Operation now in progress (29).
W: Creating socket for 'localhost:9005', connect: Cannot assign requested address.
E: Could not connect to client. :-(
Log closed at 2018-07-31 03:21:36

Log opened at 2018-07-31 03:33:50
I: Connecting to configured address/port: localhost:9005.
W: Creating socket for 'localhost:9005', poll success, but error: Operation now in progress (29).
W: Creating socket for 'localhost:9005', connect: Cannot assign requested address.
E: Could not connect to client. :-(
Log closed at 2018-07-31 03:33:50

Log opened at 2018-07-31 03:33:50
I: Connecting to configured address/port: localhost:9005.
W: Creating socket for 'localhost:9005', poll success, but error: Operation now in progress (29).
W: Creating socket for 'localhost:9005', connect: Cannot assign requested address.
E: Could not connect to client. :-(
Log closed at 2018-07-31 03:33:50

Log opened at 2018-07-31 03:33:50
I: Connecting to configured address/port: localhost:9005.
W: Creating socket for 'localhost:9005', poll success, but error: Operation now in progress (29).
W: Creating socket for 'localhost:9005', connect: Cannot assign requested address.
E: Could not connect to client. :-(
Log closed at 2018-07-31 03:33:50

Log opened at 2018-07-31 03:44:18
I: Connecting to configured address/port: localhost:9005.
W: Creating socket for 'localhost:9005', poll success, but error: Operation now in progress (29).
W: Creating socket for 'localhost:9005', connect: Cannot assign requested address.
E: Could not connect to client. :-(
Log closed at 2018-07-31 03:44:18

Log opened at 2018-07-31 03:44:18
I: Connecting to configured address/port: localhost:9005.
W: Creating socket for 'localhost:9005', poll success, but error: Operation now in progress (29).
W: Creating socket for 'localhost:9005', connect: Cannot assign requested address.
E: Could not connect to client. :-(
Log closed at 2018-07-31 03:44:18

Log opened at 2018-07-31 04:20:36
I: Connecting to configured address/port: localhost:9005.
W: Creating socket for 'localhost:9005', poll success, but error: Operation now in progress (29).
W: Creating socket for 'localhost:9005', connect: Cannot assign requested address.
E: Could not connect to client. :-(
Log closed at 2018-07-31 04:20:36

Log opened at 2018-07-31 04:20:37
I: Connecting to configured address/port: localhost:9005.
W: Creating socket for 'localhost:9005', poll success, but error: Operation now in progress (29).
W: Creating socket for 'localhost:9005', connect: Cannot assign requested address.
E: Could not connect to client. :-(
Log closed at 2018-07-31 04:20:37

Log opened at 2018-07-31 04:21:10
I: Connecting to configured address/port: localhost:9005.
W: Creating socket for 'localhost:9005', poll success, but error: Operation now in progress (29).
W: Creating socket for 'localhost:9005', connect: Cannot assign requested address.
E: Could not connect to client. :-(
Log closed at 2018-07-31 04:21:10

Log opened at 2018-07-31 04:21:10
I: Connecting to configured address/port: localhost:9005.
W: Creating socket for 'localhost:9005', poll success, but error: Operation now in progress (29).
W: Creating socket for 'localhost:9005', connect: Cannot assign requested address.
E: Could not connect to client. :-(
Log closed at 2018-07-31 04:21:10

Log opened at 2018-07-31 05:21:02
I: Connecting to configured address/port: localhost:9005.
W: Creating socket for 'localhost:9005', poll success, but error: Operation now in progress (29).
W: Creating socket for 'localhost:9005', connect: Cannot assign requested address.
E: Could not connect to client. :-(
Log closed at 2018-07-31 05:21:02

Log opened at 2018-07-31 05:21:02
I: Connecting to configured address/port: localhost:9005.
W: Creating socket for 'localhost:9005', poll success, but error: Operation now in progress (29).
W: Creating socket for 'localhost:9005', connect: Cannot assign requested address.
E: Could not connect to client. :-(
Log closed at 2018-07-31 05:21:02

Log opened at 2018-07-31 05:21:20
I: Connecting to configured address/port: localhost:9005.
W: Creating socket for 'localhost:9005', poll success, but error: Operation now in progress (29).
W: Creating socket for 'localhost:9005', connect: Cannot assign requested address.
E: Could not connect to client. :-(
Log closed at 2018-07-31 05:21:20

Log opened at 2018-07-31 05:21:20
I: Connecting to configured address/port: localhost:9005.
W: Creating socket for 'localhost:9005', poll success, but error: Operation now in progress (29).
W: Creating socket for 'localhost:9005', connect: Cannot assign requested address.
E: Could not connect to client. :-(
Log closed at 2018-07-31 05:21:20

Log opened at 2018-07-31 05:21:34
I: Connecting to configured address/port: localhost:9005.
W: Creating socket for 'localhost:9005', poll success, but error: Operation now in progress (29).
W: Creating socket for 'localhost:9005', connect: Cannot assign requested address.
E: Could not connect to client. :-(
Log closed at 2018-07-31 05:21:34

Log opened at 2018-07-31 05:21:34
I: Connecting to configured address/port: localhost:9005.
W: Creating socket for 'localhost:9005', poll success, but error: Operation now in progress (29).
W: Creating socket for 'localhost:9005', connect: Cannot assign requested address.
E: Could not connect to client. :-(
Log closed at 2018-07-31 05:21:34

Log opened at 2018-07-31 05:21:58
I: Connecting to configured address/port: localhost:9005.
W: Creating socket for 'localhost:9005', poll success, but error: Operation now in progress (29).
W: Creating socket for 'localhost:9005', connect: Cannot assign requested address.
E: Could not connect to client. :-(
Log closed at 2018-07-31 05:21:58

Log opened at 2018-07-31 05:21:58
I: Connecting to configured address/port: localhost:9005.
W: Creating socket for 'localhost:9005', poll success, but error: Operation now in progress (29).
W: Creating socket for 'localhost:9005', connect: Cannot assign requested address.
E: Could not connect to client. :-(
Log closed at 2018-07-31 05:21:58

Log opened at 2018-07-31 05:21:58
I: Connecting to configured address/port: localhost:9005.
W: Creating socket for 'localhost:9005', poll success, but error: Operation now in progress (29).
W: Creating socket for 'localhost:9005', connect: Cannot assign requested address.
E: Could not connect to client. :-(
Log closed at 2018-07-31 05:21:58

Log opened at 2018-07-31 05:22:44
I: Connecting to configured address/port: localhost:9005.
W: Creating socket for 'localhost:9005', poll success, but error: Operation now in progress (29).
W: Creating socket for 'localhost:9005', connect: Cannot assign requested address.
E: Could not connect to client. :-(
Log closed at 2018-07-31 05:22:44

Log opened at 2018-07-31 05:22:44
I: Connecting to configured address/port: localhost:9005.
W: Creating socket for 'localhost:9005', poll success, but error: Operation now in progress (29).
W: Creating socket for 'localhost:9005', connect: Cannot assign requested address.
E: Could not connect to client. :-(
Log closed at 2018-07-31 05:22:44

Log opened at 2018-07-31 05:22:44
I: Connecting to configured address/port: localhost:9005.
W: Creating socket for 'localhost:9005', poll success, but error: Operation now in progress (29).
W: Creating socket for 'localhost:9005', connect: Cannot assign requested address.
E: Could not connect to client. :-(
Log closed at 2018-07-31 05:22:44

Log opened at 2018-07-31 05:26:19
I: Connecting to configured address/port: localhost:9005.
W: Creating socket for 'localhost:9005', poll success, but error: Operation now in progress (29).
W: Creating socket for 'localhost:9005', connect: Cannot assign requested address.
E: Could not connect to client. :-(
Log closed at 2018-07-31 05:26:19

Log opened at 2018-07-31 05:26:19
I: Connecting to configured address/port: localhost:9005.
W: Creating socket for 'localhost:9005', poll success, but error: Operation now in progress (29).
W: Creating socket for 'localhost:9005', connect: Cannot assign requested address.
E: Could not connect to client. :-(
Log closed at 2018-07-31 05:26:19

Log opened at 2018-07-31 05:26:19
I: Connecting to configured address/port: localhost:9005.
W: Creating socket for 'localhost:9005', poll success, but error: Operation now in progress (29).
W: Creating socket for 'localhost:9005', connect: Cannot assign requested address.
E: Could not connect to client. :-(
Log closed at 2018-07-31 05:26:19

Log opened at 2018-07-31 05:26:53
I: Connecting to configured address/port: localhost:9005.
W: Creating socket for 'localhost:9005', poll success, but error: Operation now in progress (29).
W: Creating socket for 'localhost:9005', connect: Cannot assign requested address.
E: Could not connect to client. :-(
Log closed at 2018-07-31 05:26:53

Log opened at 2018-07-31 05:26:53
I: Connecting to configured address/port: localhost:9005.
W: Creating socket for 'localhost:9005', poll success, but error: Operation now in progress (29).
W: Creating socket for 'localhost:9005', connect: Cannot assign requested address.
E: Could not connect to client. :-(
Log closed at 2018-07-31 05:26:53

Log opened at 2018-07-31 05:26:53
I: Connecting to configured address/port: localhost:9005.
W: Creating socket for 'localhost:9005', poll success, but error: Operation now in progress (29).
W: Creating socket for 'localhost:9005', connect: Cannot assign requested address.
E: Could not connect to client. :-(
Log closed at 2018-07-31 05:26:53

Log opened at 2018-07-31 05:27:05
I: Connecting to configured address/port: localhost:9005.
W: Creating socket for 'localhost:9005', poll success, but error: Operation now in progress (29).
W: Creating socket for 'localhost:9005', connect: Cannot assign requested address.
E: Could not connect to client. :-(
Log closed at 2018-07-31 05:27:05

Log opened at 2018-07-31 05:27:05
I: Connecting to configured address/port: localhost:9005.
W: Creating socket for 'localhost:9005', poll success, but error: Operation now in progress (29).
W: Creating socket for 'localhost:9005', connect: Cannot assign requested address.
E: Could not connect to client. :-(
Log closed at 2018-07-31 05:27:05

Log opened at 2018-07-31 05:29:28
I: Connecting to configured address/port: localhost:9005.
W: Creating socket for 'localhost:9005', poll success, but error: Operation now in progress (29).
W: Creating socket for 'localhost:9005', connect: Cannot assign requested address.
E: Could not connect to client. :-(
Log closed at 2018-07-31 05:29:28

Log opened at 2018-07-31 05:29:29
I: Connecting to configured address/port: localhost:9005.
W: Creating socket for 'localhost:9005', poll success, but error: Operation now in progress (29).
W: Creating socket for 'localhost:9005', connect: Cannot assign requested address.
E: Could not connect to client. :-(
Log closed at 2018-07-31 05:29:29

Log opened at 2018-07-31 05:29:56
I: Connecting to configured address/port: localhost:9005.
W: Creating socket for 'localhost:9005', poll success, but error: Operation now in progress (29).
W: Creating socket for 'localhost:9005', connect: Cannot assign requested address.
E: Could not connect to client. :-(
Log closed at 2018-07-31 05:29:56

Log opened at 2018-07-31 05:29:56
I: Connecting to configured address/port: localhost:9005.
W: Creating socket for 'localhost:9005', poll success, but error: Operation now in progress (29).
W: Creating socket for 'localhost:9005', connect: Cannot assign requested address.
E: Could not connect to client. :-(
Log closed at 2018-07-31 05:29:56

Log opened at 2018-07-31 06:22:29
I: Connecting to configured address/port: localhost:9005.
W: Creating socket for 'localhost:9005', poll success, but error: Operation now in progress (29).
W: Creating socket for 'localhost:9005', connect: Cannot assign requested address.
E: Could not connect to client. :-(
Log closed at 2018-07-31 06:22:29

Log opened at 2018-07-31 06:22:29
I: Connecting to configured address/port: localhost:9005.
W: Creating socket for 'localhost:9005', poll success, but error: Operation now in progress (29).
W: Creating socket for 'localhost:9005', connect: Cannot assign requested address.
E: Could not connect to client. :-(
Log closed at 2018-07-31 06:22:29

Log opened at 2018-07-31 06:22:29
I: Connecting to configured address/port: localhost:9005.
W: Creating socket for 'localhost:9005', poll success, but error: Operation now in progress (29).
W: Creating socket for 'localhost:9005', connect: Cannot assign requested address.
E: Could not connect to client. :-(
Log closed at 2018-07-31 06:22:29

Log opened at 2018-07-31 06:22:37
I: Connecting to configured address/port: localhost:9005.
W: Creating socket for 'localhost:9005', poll success, but error: Operation now in progress (29).
W: Creating socket for 'localhost:9005', connect: Cannot assign requested address.
E: Could not connect to client. :-(
Log closed at 2018-07-31 06:22:37

Log opened at 2018-07-31 06:22:37
I: Connecting to configured address/port: localhost:9005.
W: Creating socket for 'localhost:9005', poll success, but error: Operation now in progress (29).
W: Creating socket for 'localhost:9005', connect: Cannot assign requested address.
E: Could not connect to client. :-(
Log closed at 2018-07-31 06:22:37

Log opened at 2018-07-31 06:23:54
I: Connecting to configured address/port: localhost:9005.
W: Creating socket for 'localhost:9005', poll success, but error: Operation now in progress (29).
W: Creating socket for 'localhost:9005', connect: Cannot assign requested address.
E: Could not connect to client. :-(
Log closed at 2018-07-31 06:23:54

Log opened at 2018-07-31 06:23:54
I: Connecting to configured address/port: localhost:9005.
W: Creating socket for 'localhost:9005', poll success, but error: Operation now in progress (29).
W: Creating socket for 'localhost:9005', connect: Cannot assign requested address.
E: Could not connect to client. :-(
Log closed at 2018-07-31 06:23:54

Log opened at 2018-07-31 07:21:47
I: Connecting to configured address/port: localhost:9005.
W: Creating socket for 'localhost:9005', poll success, but error: Operation now in progress (29).
W: Creating socket for 'localhost:9005', connect: Cannot assign requested address.
E: Could not connect to client. :-(
Log closed at 2018-07-31 07:21:47

Log opened at 2018-07-31 07:21:47
I: Connecting to configured address/port: localhost:9005.
W: Creating socket for 'localhost:9005', poll success, but error: Operation now in progress (29).
W: Creating socket for 'localhost:9005', connect: Cannot assign requested address.
E: Could not connect to client. :-(
Log closed at 2018-07-31 07:21:47

Log opened at 2018-07-31 07:22:02
I: Connecting to configured address/port: localhost:9005.
W: Creating socket for 'localhost:9005', poll success, but error: Operation now in progress (29).
W: Creating socket for 'localhost:9005', connect: Cannot assign requested address.
E: Could not connect to client. :-(
Log closed at 2018-07-31 07:22:02

Log opened at 2018-07-31 07:22:02
I: Connecting to configured address/port: localhost:9005.
W: Creating socket for 'localhost:9005', poll success, but error: Operation now in progress (29).
W: Creating socket for 'localhost:9005', connect: Cannot assign requested address.
E: Could not connect to client. :-(
Log closed at 2018-07-31 07:22:02

Log opened at 2018-07-31 08:08:56
I: Connecting to configured address/port: localhost:9005.
W: Creating socket for 'localhost:9005', poll success, but error: Operation now in progress (29).
W: Creating socket for 'localhost:9005', connect: Cannot assign requested address.
E: Could not connect to client. :-(
Log closed at 2018-07-31 08:08:56

Log opened at 2018-07-31 08:08:56
I: Connecting to configured address/port: localhost:9005.
W: Creating socket for 'localhost:9005', poll success, but error: Operation now in progress (29).
W: Creating socket for 'localhost:9005', connect: Cannot assign requested address.
E: Could not connect to client. :-(
Log closed at 2018-07-31 08:08:56

Log opened at 2018-07-31 08:08:56
I: Connecting to configured address/port: localhost:9005.
W: Creating socket for 'localhost:9005', poll success, but error: Operation now in progress (29).
W: Creating socket for 'localhost:9005', connect: Cannot assign requested address.
E: Could not connect to client. :-(
Log closed at 2018-07-31 08:08:56

Log opened at 2018-07-31 09:11:11
I: Connecting to configured address/port: localhost:9005.
W: Creating socket for 'localhost:9005', poll success, but error: Operation now in progress (29).
W: Creating socket for 'localhost:9005', connect: Cannot assign requested address.
E: Could not connect to client. :-(
Log closed at 2018-07-31 09:11:11

Log opened at 2018-07-31 09:11:11
I: Connecting to configured address/port: localhost:9005.
W: Creating socket for 'localhost:9005', poll success, but error: Operation now in progress (29).
W: Creating socket for 'localhost:9005', connect: Cannot assign requested address.
E: Could not connect to client. :-(
Log closed at 2018-07-31 09:11:11

Log opened at 2018-07-31 09:11:11
I: Connecting to configured address/port: localhost:9005.
W: Creating socket for 'localhost:9005', poll success, but error: Operation now in progress (29).
W: Creating socket for 'localhost:9005', connect: Cannot assign requested address.
E: Could not connect to client. :-(
Log closed at 2018-07-31 09:11:11

Log opened at 2018-07-31 09:11:23
I: Connecting to configured address/port: localhost:9005.
W: Creating socket for 'localhost:9005', poll success, but error: Operation now in progress (29).
W: Creating socket for 'localhost:9005', connect: Cannot assign requested address.
E: Could not connect to client. :-(
Log closed at 2018-07-31 09:11:23

Log opened at 2018-07-31 09:11:23
I: Connecting to configured address/port: localhost:9005.
W: Creating socket for 'localhost:9005', poll success, but error: Operation now in progress (29).
W: Creating socket for 'localhost:9005', connect: Cannot assign requested address.
E: Could not connect to client. :-(
Log closed at 2018-07-31 09:11:23

Log opened at 2018-07-31 09:11:23
I: Connecting to configured address/port: localhost:9005.
W: Creating socket for 'localhost:9005', poll success, but error: Operation now in progress (29).
W: Creating socket for 'localhost:9005', connect: Cannot assign requested address.
E: Could not connect to client. :-(
Log closed at 2018-07-31 09:11:23

Log opened at 2018-07-31 09:11:57
I: Connecting to configured address/port: localhost:9005.
W: Creating socket for 'localhost:9005', poll success, but error: Operation now in progress (29).
W: Creating socket for 'localhost:9005', connect: Cannot assign requested address.
E: Could not connect to client. :-(
Log closed at 2018-07-31 09:11:57

Log opened at 2018-07-31 09:11:57
I: Connecting to configured address/port: localhost:9005.
W: Creating socket for 'localhost:9005', poll success, but error: Operation now in progress (29).
W: Creating socket for 'localhost:9005', connect: Cannot assign requested address.
E: Could not connect to client. :-(
Log closed at 2018-07-31 09:11:57

Log opened at 2018-07-31 09:23:33
I: Connecting to configured address/port: localhost:9005.
W: Creating socket for 'localhost:9005', poll success, but error: Operation now in progress (29).
W: Creating socket for 'localhost:9005', connect: Cannot assign requested address.
E: Could not connect to client. :-(
Log closed at 2018-07-31 09:23:33

Log opened at 2018-07-31 09:23:33
I: Connecting to configured address/port: localhost:9005.
W: Creating socket for 'localhost:9005', poll success, but error: Operation now in progress (29).
W: Creating socket for 'localhost:9005', connect: Cannot assign requested address.
E: Could not connect to client. :-(
Log closed at 2018-07-31 09:23:33

Log opened at 2018-07-31 09:23:37
I: Connecting to configured address/port: localhost:9005.
W: Creating socket for 'localhost:9005', poll success, but error: Operation now in progress (29).
W: Creating socket for 'localhost:9005', connect: Cannot assign requested address.
E: Could not connect to client. :-(
Log closed at 2018-07-31 09:23:37

Log opened at 2018-07-31 09:23:37
I: Connecting to configured address/port: localhost:9005.
W: Creating socket for 'localhost:9005', poll success, but error: Operation now in progress (29).
W: Creating socket for 'localhost:9005', connect: Cannot assign requested address.
E: Could not connect to client. :-(
Log closed at 2018-07-31 09:23:37

Log opened at 2018-07-31 09:23:37
I: Connecting to configured address/port: localhost:9005.
W: Creating socket for 'localhost:9005', poll success, but error: Operation now in progress (29).
W: Creating socket for 'localhost:9005', connect: Cannot assign requested address.
E: Could not connect to client. :-(
Log closed at 2018-07-31 09:23:37

Log opened at 2018-07-31 09:23:40
I: Connecting to configured address/port: localhost:9005.
W: Creating socket for 'localhost:9005', poll success, but error: Operation now in progress (29).
W: Creating socket for 'localhost:9005', connect: Cannot assign requested address.
E: Could not connect to client. :-(
Log closed at 2018-07-31 09:23:40

Log opened at 2018-07-31 09:23:40
I: Connecting to configured address/port: localhost:9005.
W: Creating socket for 'localhost:9005', poll success, but error: Operation now in progress (29).
W: Creating socket for 'localhost:9005', connect: Cannot assign requested address.
E: Could not connect to client. :-(
Log closed at 2018-07-31 09:23:40

Log opened at 2018-07-31 09:23:40
I: Connecting to configured address/port: localhost:9005.
W: Creating socket for 'localhost:9005', poll success, but error: Operation now in progress (29).
W: Creating socket for 'localhost:9005', connect: Cannot assign requested address.
E: Could not connect to client. :-(
Log closed at 2018-07-31 09:23:40

Log opened at 2018-07-31 09:32:37
I: Connecting to configured address/port: localhost:9005.
W: Creating socket for 'localhost:9005', poll success, but error: Operation now in progress (29).
W: Creating socket for 'localhost:9005', connect: Cannot assign requested address.
E: Could not connect to client. :-(
Log closed at 2018-07-31 09:32:37

Log opened at 2018-07-31 09:32:37
I: Connecting to configured address/port: localhost:9005.
W: Creating socket for 'localhost:9005', poll success, but error: Operation now in progress (29).
W: Creating socket for 'localhost:9005', connect: Cannot assign requested address.
E: Could not connect to client. :-(
Log closed at 2018-07-31 09:32:37

Log opened at 2018-07-31 09:34:36
I: Connecting to configured address/port: localhost:9005.
W: Creating socket for 'localhost:9005', poll success, but error: Operation now in progress (29).
W: Creating socket for 'localhost:9005', connect: Cannot assign requested address.
E: Could not connect to client. :-(
Log closed at 2018-07-31 09:34:36

Log opened at 2018-07-31 09:34:37
I: Connecting to configured address/port: localhost:9005.
W: Creating socket for 'localhost:9005', poll success, but error: Operation now in progress (29).
W: Creating socket for 'localhost:9005', connect: Cannot assign requested address.
E: Could not connect to client. :-(
Log closed at 2018-07-31 09:34:37

Log opened at 2018-07-31 09:34:37
I: Connecting to configured address/port: localhost:9005.
W: Creating socket for 'localhost:9005', poll success, but error: Operation now in progress (29).
W: Creating socket for 'localhost:9005', connect: Cannot assign requested address.
E: Could not connect to client. :-(
Log closed at 2018-07-31 09:34:37

Log opened at 2018-07-31 09:39:09
I: Connecting to configured address/port: localhost:9005.
W: Creating socket for 'localhost:9005', poll success, but error: Operation now in progress (29).
W: Creating socket for 'localhost:9005', connect: Cannot assign requested address.
E: Could not connect to client. :-(
Log closed at 2018-07-31 09:39:09

Log opened at 2018-07-31 09:39:09
I: Connecting to configured address/port: localhost:9005.
W: Creating socket for 'localhost:9005', poll success, but error: Operation now in progress (29).
W: Creating socket for 'localhost:9005', connect: Cannot assign requested address.
E: Could not connect to client. :-(
Log closed at 2018-07-31 09:39:09

Log opened at 2018-07-31 09:39:09
I: Connecting to configured address/port: localhost:9005.
W: Creating socket for 'localhost:9005', poll success, but error: Operation now in progress (29).
W: Creating socket for 'localhost:9005', connect: Cannot assign requested address.
E: Could not connect to client. :-(
Log closed at 2018-07-31 09:39:09

Log opened at 2018-07-31 09:39:52
I: Connecting to configured address/port: localhost:9005.
W: Creating socket for 'localhost:9005', poll success, but error: Operation now in progress (29).
W: Creating socket for 'localhost:9005', connect: Cannot assign requested address.
E: Could not connect to client. :-(
Log closed at 2018-07-31 09:39:52

Log opened at 2018-07-31 09:39:52
I: Connecting to configured address/port: localhost:9005.
W: Creating socket for 'localhost:9005', poll success, but error: Operation now in progress (29).
W: Creating socket for 'localhost:9005', connect: Cannot assign requested address.
E: Could not connect to client. :-(
Log closed at 2018-07-31 09:39:52

Log opened at 2018-07-31 09:39:52
I: Connecting to configured address/port: localhost:9005.
W: Creating socket for 'localhost:9005', poll success, but error: Operation now in progress (29).
W: Creating socket for 'localhost:9005', connect: Cannot assign requested address.
E: Could not connect to client. :-(
Log closed at 2018-07-31 09:39:52

Log opened at 2018-07-31 09:40:19
I: Connecting to configured address/port: localhost:9005.
W: Creating socket for 'localhost:9005', poll success, but error: Operation now in progress (29).
W: Creating socket for 'localhost:9005', connect: Cannot assign requested address.
E: Could not connect to client. :-(
Log closed at 2018-07-31 09:40:19

Log opened at 2018-07-31 09:40:19
I: Connecting to configured address/port: localhost:9005.
W: Creating socket for 'localhost:9005', poll success, but error: Operation now in progress (29).
W: Creating socket for 'localhost:9005', connect: Cannot assign requested address.
E: Could not connect to client. :-(
Log closed at 2018-07-31 09:40:19

Log opened at 2018-07-31 09:40:19
I: Connecting to configured address/port: localhost:9005.
W: Creating socket for 'localhost:9005', poll success, but error: Operation now in progress (29).
W: Creating socket for 'localhost:9005', connect: Cannot assign requested address.
E: Could not connect to client. :-(
Log closed at 2018-07-31 09:40:19

Log opened at 2018-07-31 09:44:15
I: Connecting to configured address/port: localhost:9005.
W: Creating socket for 'localhost:9005', poll success, but error: Operation now in progress (29).
W: Creating socket for 'localhost:9005', connect: Cannot assign requested address.
E: Could not connect to client. :-(
Log closed at 2018-07-31 09:44:15

Log opened at 2018-07-31 09:44:15
I: Connecting to configured address/port: localhost:9005.
W: Creating socket for 'localhost:9005', poll success, but error: Operation now in progress (29).
W: Creating socket for 'localhost:9005', connect: Cannot assign requested address.
E: Could not connect to client. :-(
Log closed at 2018-07-31 09:44:15

Log opened at 2018-07-31 09:44:15
I: Connecting to configured address/port: localhost:9005.
W: Creating socket for 'localhost:9005', poll success, but error: Operation now in progress (29).
W: Creating socket for 'localhost:9005', connect: Cannot assign requested address.
E: Could not connect to client. :-(
Log closed at 2018-07-31 09:44:15

Log opened at 2018-07-31 09:44:42
I: Connecting to configured address/port: localhost:9005.
W: Creating socket for 'localhost:9005', poll success, but error: Operation now in progress (29).
W: Creating socket for 'localhost:9005', connect: Cannot assign requested address.
E: Could not connect to client. :-(
Log closed at 2018-07-31 09:44:42

Log opened at 2018-07-31 09:44:42
I: Connecting to configured address/port: localhost:9005.
W: Creating socket for 'localhost:9005', poll success, but error: Operation now in progress (29).
W: Creating socket for 'localhost:9005', connect: Cannot assign requested address.
E: Could not connect to client. :-(
Log closed at 2018-07-31 09:44:42

Log opened at 2018-07-31 09:44:42
I: Connecting to configured address/port: localhost:9005.
W: Creating socket for 'localhost:9005', poll success, but error: Operation now in progress (29).
W: Creating socket for 'localhost:9005', connect: Cannot assign requested address.
E: Could not connect to client. :-(
Log closed at 2018-07-31 09:44:42

Log opened at 2018-07-31 09:44:50
I: Connecting to configured address/port: localhost:9005.
W: Creating socket for 'localhost:9005', poll success, but error: Operation now in progress (29).
W: Creating socket for 'localhost:9005', connect: Cannot assign requested address.
E: Could not connect to client. :-(
Log closed at 2018-07-31 09:44:50

Log opened at 2018-07-31 09:44:51
I: Connecting to configured address/port: localhost:9005.
W: Creating socket for 'localhost:9005', poll success, but error: Operation now in progress (29).
W: Creating socket for 'localhost:9005', connect: Cannot assign requested address.
E: Could not connect to client. :-(
Log closed at 2018-07-31 09:44:51

Log opened at 2018-07-31 09:44:51
I: Connecting to configured address/port: localhost:9005.
W: Creating socket for 'localhost:9005', poll success, but error: Operation now in progress (29).
W: Creating socket for 'localhost:9005', connect: Cannot assign requested address.
E: Could not connect to client. :-(
Log closed at 2018-07-31 09:44:51

Log opened at 2018-07-31 09:45:18
I: Connecting to configured address/port: localhost:9005.
W: Creating socket for 'localhost:9005', poll success, but error: Operation now in progress (29).
W: Creating socket for 'localhost:9005', connect: Cannot assign requested address.
E: Could not connect to client. :-(
Log closed at 2018-07-31 09:45:18

Log opened at 2018-07-31 09:45:18
I: Connecting to configured address/port: localhost:9005.
W: Creating socket for 'localhost:9005', poll success, but error: Operation now in progress (29).
W: Creating socket for 'localhost:9005', connect: Cannot assign requested address.
E: Could not connect to client. :-(
Log closed at 2018-07-31 09:45:18

Log opened at 2018-07-31 09:47:59
I: Connecting to configured address/port: localhost:9005.
W: Creating socket for 'localhost:9005', poll success, but error: Operation now in progress (29).
W: Creating socket for 'localhost:9005', connect: Cannot assign requested address.
E: Could not connect to client. :-(
Log closed at 2018-07-31 09:47:59

Log opened at 2018-07-31 09:47:59
I: Connecting to configured address/port: localhost:9005.
W: Creating socket for 'localhost:9005', poll success, but error: Operation now in progress (29).
W: Creating socket for 'localhost:9005', connect: Cannot assign requested address.
E: Could not connect to client. :-(
Log closed at 2018-07-31 09:47:59

Log opened at 2018-07-31 09:48:42
I: Connecting to configured address/port: localhost:9005.
W: Creating socket for 'localhost:9005', poll success, but error: Operation now in progress (29).
W: Creating socket for 'localhost:9005', connect: Cannot assign requested address.
E: Could not connect to client. :-(
Log closed at 2018-07-31 09:48:42

Log opened at 2018-07-31 09:48:42
I: Connecting to configured address/port: localhost:9005.
W: Creating socket for 'localhost:9005', poll success, but error: Operation now in progress (29).
W: Creating socket for 'localhost:9005', connect: Cannot assign requested address.
E: Could not connect to client. :-(
Log closed at 2018-07-31 09:48:42

Log opened at 2018-07-31 09:49:21
I: Connecting to configured address/port: localhost:9005.
W: Creating socket for 'localhost:9005', poll success, but error: Operation now in progress (29).
W: Creating socket for 'localhost:9005', connect: Cannot assign requested address.
E: Could not connect to client. :-(
Log closed at 2018-07-31 09:49:21

Log opened at 2018-07-31 09:49:21
I: Connecting to configured address/port: localhost:9005.
W: Creating socket for 'localhost:9005', poll success, but error: Operation now in progress (29).
W: Creating socket for 'localhost:9005', connect: Cannot assign requested address.
E: Could not connect to client. :-(
Log closed at 2018-07-31 09:49:21

Log opened at 2018-07-31 09:49:22
I: Connecting to configured address/port: localhost:9005.
W: Creating socket for 'localhost:9005', poll success, but error: Operation now in progress (29).
W: Creating socket for 'localhost:9005', connect: Cannot assign requested address.
E: Could not connect to client. :-(
Log closed at 2018-07-31 09:49:22

Log opened at 2018-07-31 09:49:22
I: Connecting to configured address/port: localhost:9005.
W: Creating socket for 'localhost:9005', poll success, but error: Operation now in progress (29).
W: Creating socket for 'localhost:9005', connect: Cannot assign requested address.
E: Could not connect to client. :-(
Log closed at 2018-07-31 09:49:22

Log opened at 2018-07-31 10:14:14
I: Connecting to configured address/port: localhost:9005.
W: Creating socket for 'localhost:9005', poll success, but error: Operation now in progress (29).
W: Creating socket for 'localhost:9005', connect: Cannot assign requested address.
E: Could not connect to client. :-(
Log closed at 2018-07-31 10:14:14

Log opened at 2018-07-31 10:14:14
I: Connecting to configured address/port: localhost:9005.
W: Creating socket for 'localhost:9005', poll success, but error: Operation now in progress (29).
W: Creating socket for 'localhost:9005', connect: Cannot assign requested address.
E: Could not connect to client. :-(
Log closed at 2018-07-31 10:14:14

Log opened at 2018-07-31 10:14:27
I: Connecting to configured address/port: localhost:9005.
W: Creating socket for 'localhost:9005', poll success, but error: Operation now in progress (29).
W: Creating socket for 'localhost:9005', connect: Cannot assign requested address.
E: Could not connect to client. :-(
Log closed at 2018-07-31 10:14:27

Log opened at 2018-07-31 10:14:27
I: Connecting to configured address/port: localhost:9005.
W: Creating socket for 'localhost:9005', poll success, but error: Operation now in progress (29).
W: Creating socket for 'localhost:9005', connect: Cannot assign requested address.
E: Could not connect to client. :-(
Log closed at 2018-07-31 10:14:27

Log opened at 2018-07-31 10:15:10
I: Connecting to configured address/port: localhost:9005.
W: Creating socket for 'localhost:9005', poll success, but error: Operation now in progress (29).
W: Creating socket for 'localhost:9005', connect: Cannot assign requested address.
E: Could not connect to client. :-(
Log closed at 2018-07-31 10:15:10

Log opened at 2018-07-31 10:15:10
I: Connecting to configured address/port: localhost:9005.
W: Creating socket for 'localhost:9005', poll success, but error: Operation now in progress (29).
W: Creating socket for 'localhost:9005', connect: Cannot assign requested address.
E: Could not connect to client. :-(
Log closed at 2018-07-31 10:15:10

Log opened at 2018-07-31 10:15:10
I: Connecting to configured address/port: localhost:9005.
W: Creating socket for 'localhost:9005', poll success, but error: Operation now in progress (29).
W: Creating socket for 'localhost:9005', connect: Cannot assign requested address.
E: Could not connect to client. :-(
Log closed at 2018-07-31 10:15:10

Log opened at 2018-07-31 11:01:38
I: Connecting to configured address/port: localhost:9005.
W: Creating socket for 'localhost:9005', poll success, but error: Operation now in progress (29).
W: Creating socket for 'localhost:9005', connect: Cannot assign requested address.
E: Could not connect to client. :-(
Log closed at 2018-07-31 11:01:38

Log opened at 2018-07-31 11:01:40
I: Connecting to configured address/port: localhost:9005.
W: Creating socket for 'localhost:9005', poll success, but error: Operation now in progress (29).
W: Creating socket for 'localhost:9005', connect: Cannot assign requested address.
E: Could not connect to client. :-(
Log closed at 2018-07-31 11:01:40

Log opened at 2018-07-31 11:01:40
I: Connecting to configured address/port: localhost:9005.
W: Creating socket for 'localhost:9005', poll success, but error: Operation now in progress (29).
W: Creating socket for 'localhost:9005', connect: Cannot assign requested address.
E: Could not connect to client. :-(
Log closed at 2018-07-31 11:01:40

Log opened at 2018-07-31 11:11:51
I: Connecting to configured address/port: localhost:9005.
W: Creating socket for 'localhost:9005', poll success, but error: Operation now in progress (29).
W: Creating socket for 'localhost:9005', connect: Cannot assign requested address.
E: Could not connect to client. :-(
Log closed at 2018-07-31 11:11:51

Log opened at 2018-07-31 11:11:51
I: Connecting to configured address/port: localhost:9005.
W: Creating socket for 'localhost:9005', poll success, but error: Operation now in progress (29).
W: Creating socket for 'localhost:9005', connect: Cannot assign requested address.
E: Could not connect to client. :-(
Log closed at 2018-07-31 11:11:51

Log opened at 2018-07-31 11:11:51
I: Connecting to configured address/port: localhost:9005.
W: Creating socket for 'localhost:9005', poll success, but error: Operation now in progress (29).
W: Creating socket for 'localhost:9005', connect: Cannot assign requested address.
E: Could not connect to client. :-(
Log closed at 2018-07-31 11:11:51

Log opened at 2018-07-31 11:12:13
I: Connecting to configured address/port: localhost:9005.
W: Creating socket for 'localhost:9005', poll success, but error: Operation now in progress (29).
W: Creating socket for 'localhost:9005', connect: Cannot assign requested address.
E: Could not connect to client. :-(
Log closed at 2018-07-31 11:12:13

Log opened at 2018-07-31 11:12:13
I: Connecting to configured address/port: localhost:9005.
W: Creating socket for 'localhost:9005', poll success, but error: Operation now in progress (29).
W: Creating socket for 'localhost:9005', connect: Cannot assign requested address.
E: Could not connect to client. :-(
Log closed at 2018-07-31 11:12:13

Log opened at 2018-07-31 11:12:14
I: Connecting to configured address/port: localhost:9005.
W: Creating socket for 'localhost:9005', poll success, but error: Operation now in progress (29).
W: Creating socket for 'localhost:9005', connect: Cannot assign requested address.
E: Could not connect to client. :-(
Log closed at 2018-07-31 11:12:14

Log opened at 2018-07-31 11:12:24
I: Connecting to configured address/port: localhost:9005.
W: Creating socket for 'localhost:9005', poll success, but error: Operation now in progress (29).
W: Creating socket for 'localhost:9005', connect: Cannot assign requested address.
E: Could not connect to client. :-(
Log closed at 2018-07-31 11:12:24

Log opened at 2018-07-31 11:12:25
I: Connecting to configured address/port: localhost:9005.
W: Creating socket for 'localhost:9005', poll success, but error: Operation now in progress (29).
W: Creating socket for 'localhost:9005', connect: Cannot assign requested address.
E: Could not connect to client. :-(
Log closed at 2018-07-31 11:12:25

Log opened at 2018-07-31 11:12:25
I: Connecting to configured address/port: localhost:9005.
W: Creating socket for 'localhost:9005', poll success, but error: Operation now in progress (29).
W: Creating socket for 'localhost:9005', connect: Cannot assign requested address.
E: Could not connect to client. :-(
Log closed at 2018-07-31 11:12:25

Log opened at 2018-07-31 11:23:22
I: Connecting to configured address/port: localhost:9005.
W: Creating socket for 'localhost:9005', poll success, but error: Operation now in progress (29).
W: Creating socket for 'localhost:9005', connect: Cannot assign requested address.
E: Could not connect to client. :-(
Log closed at 2018-07-31 11:23:22

Log opened at 2018-07-31 11:23:22
I: Connecting to configured address/port: localhost:9005.
W: Creating socket for 'localhost:9005', poll success, but error: Operation now in progress (29).
W: Creating socket for 'localhost:9005', connect: Cannot assign requested address.
E: Could not connect to client. :-(
Log closed at 2018-07-31 11:23:22

Log opened at 2018-07-31 11:23:22
I: Connecting to configured address/port: localhost:9005.
W: Creating socket for 'localhost:9005', poll success, but error: Operation now in progress (29).
W: Creating socket for 'localhost:9005', connect: Cannot assign requested address.
E: Could not connect to client. :-(
Log closed at 2018-07-31 11:23:22

Log opened at 2018-07-31 11:23:22
I: Connecting to configured address/port: localhost:9005.
W: Creating socket for 'localhost:9005', poll success, but error: Operation now in progress (29).
W: Creating socket for 'localhost:9005', connect: Cannot assign requested address.
E: Could not connect to client. :-(
Log closed at 2018-07-31 11:23:22

Log opened at 2018-07-31 11:23:34
I: Connecting to configured address/port: localhost:9005.
W: Creating socket for 'localhost:9005', poll success, but error: Operation now in progress (29).
W: Creating socket for 'localhost:9005', connect: Cannot assign requested address.
E: Could not connect to client. :-(
Log closed at 2018-07-31 11:23:34

Log opened at 2018-07-31 11:23:34
I: Connecting to configured address/port: localhost:9005.
W: Creating socket for 'localhost:9005', poll success, but error: Operation now in progress (29).
W: Creating socket for 'localhost:9005', connect: Cannot assign requested address.
E: Could not connect to client. :-(
Log closed at 2018-07-31 11:23:34

Log opened at 2018-07-31 11:23:34
I: Connecting to configured address/port: localhost:9005.
W: Creating socket for 'localhost:9005', poll success, but error: Operation now in progress (29).
W: Creating socket for 'localhost:9005', connect: Cannot assign requested address.
E: Could not connect to client. :-(
Log closed at 2018-07-31 11:23:34

Log opened at 2018-07-31 11:23:34
I: Connecting to configured address/port: localhost:9005.
W: Creating socket for 'localhost:9005', poll success, but error: Operation now in progress (29).
W: Creating socket for 'localhost:9005', connect: Cannot assign requested address.
E: Could not connect to client. :-(
Log closed at 2018-07-31 11:23:34

Log opened at 2018-07-31 11:26:53
I: Connecting to configured address/port: localhost:9005.
W: Creating socket for 'localhost:9005', poll success, but error: Operation now in progress (29).
W: Creating socket for 'localhost:9005', connect: Cannot assign requested address.
E: Could not connect to client. :-(
Log closed at 2018-07-31 11:26:53

Log opened at 2018-07-31 11:26:53
I: Connecting to configured address/port: localhost:9005.
W: Creating socket for 'localhost:9005', poll success, but error: Operation now in progress (29).
W: Creating socket for 'localhost:9005', connect: Cannot assign requested address.
E: Could not connect to client. :-(
Log closed at 2018-07-31 11:26:53

Log opened at 2018-07-31 11:26:53
I: Connecting to configured address/port: localhost:9005.
W: Creating socket for 'localhost:9005', poll success, but error: Operation now in progress (29).
W: Creating socket for 'localhost:9005', connect: Cannot assign requested address.
E: Could not connect to client. :-(
Log closed at 2018-07-31 11:26:53

Log opened at 2018-07-31 11:28:45
I: Connecting to configured address/port: localhost:9005.
W: Creating socket for 'localhost:9005', poll success, but error: Operation now in progress (29).
W: Creating socket for 'localhost:9005', connect: Cannot assign requested address.
E: Could not connect to client. :-(
Log closed at 2018-07-31 11:28:45

Log opened at 2018-07-31 11:28:45
I: Connecting to configured address/port: localhost:9005.
W: Creating socket for 'localhost:9005', poll success, but error: Operation now in progress (29).
W: Creating socket for 'localhost:9005', connect: Cannot assign requested address.
E: Could not connect to client. :-(
Log closed at 2018-07-31 11:28:45

Log opened at 2018-07-31 11:28:45
I: Connecting to configured address/port: localhost:9005.
W: Creating socket for 'localhost:9005', poll success, but error: Operation now in progress (29).
W: Creating socket for 'localhost:9005', connect: Cannot assign requested address.
E: Could not connect to client. :-(
Log closed at 2018-07-31 11:28:45

Log opened at 2018-07-31 11:29:00
I: Connecting to configured address/port: localhost:9005.
W: Creating socket for 'localhost:9005', poll success, but error: Operation now in progress (29).
W: Creating socket for 'localhost:9005', connect: Cannot assign requested address.
E: Could not connect to client. :-(
Log closed at 2018-07-31 11:29:00

Log opened at 2018-07-31 11:29:00
I: Connecting to configured address/port: localhost:9005.
W: Creating socket for 'localhost:9005', poll success, but error: Operation now in progress (29).
W: Creating socket for 'localhost:9005', connect: Cannot assign requested address.
E: Could not connect to client. :-(
Log closed at 2018-07-31 11:29:00

Log opened at 2018-07-31 11:29:00
I: Connecting to configured address/port: localhost:9005.
W: Creating socket for 'localhost:9005', poll success, but error: Operation now in progress (29).
W: Creating socket for 'localhost:9005', connect: Cannot assign requested address.
E: Could not connect to client. :-(
Log closed at 2018-07-31 11:29:00

Log opened at 2018-07-31 11:30:15
I: Connecting to configured address/port: localhost:9005.
W: Creating socket for 'localhost:9005', poll success, but error: Operation now in progress (29).
W: Creating socket for 'localhost:9005', connect: Cannot assign requested address.
E: Could not connect to client. :-(
Log closed at 2018-07-31 11:30:15

Log opened at 2018-07-31 11:30:15
I: Connecting to configured address/port: localhost:9005.
W: Creating socket for 'localhost:9005', poll success, but error: Operation now in progress (29).
W: Creating socket for 'localhost:9005', connect: Cannot assign requested address.
E: Could not connect to client. :-(
Log closed at 2018-07-31 11:30:15

Log opened at 2018-07-31 11:30:15
I: Connecting to configured address/port: localhost:9005.
W: Creating socket for 'localhost:9005', poll success, but error: Operation now in progress (29).
W: Creating socket for 'localhost:9005', connect: Cannot assign requested address.
E: Could not connect to client. :-(
Log closed at 2018-07-31 11:30:15

Log opened at 2018-07-31 11:35:06
I: Connecting to configured address/port: localhost:9005.
W: Creating socket for 'localhost:9005', poll success, but error: Operation now in progress (29).
W: Creating socket for 'localhost:9005', connect: Cannot assign requested address.
E: Could not connect to client. :-(
Log closed at 2018-07-31 11:35:06

Log opened at 2018-07-31 11:35:06
I: Connecting to configured address/port: localhost:9005.
W: Creating socket for 'localhost:9005', poll success, but error: Operation now in progress (29).
W: Creating socket for 'localhost:9005', connect: Cannot assign requested address.
E: Could not connect to client. :-(
Log closed at 2018-07-31 11:35:06

Log opened at 2018-07-31 11:35:06
I: Connecting to configured address/port: localhost:9005.
W: Creating socket for 'localhost:9005', poll success, but error: Operation now in progress (29).
W: Creating socket for 'localhost:9005', connect: Cannot assign requested address.
E: Could not connect to client. :-(
Log closed at 2018-07-31 11:35:06

Log opened at 2018-07-31 11:42:25
I: Connecting to configured address/port: localhost:9005.
W: Creating socket for 'localhost:9005', poll success, but error: Operation now in progress (29).
W: Creating socket for 'localhost:9005', connect: Cannot assign requested address.
E: Could not connect to client. :-(
Log closed at 2018-07-31 11:42:25

Log opened at 2018-07-31 11:42:25
I: Connecting to configured address/port: localhost:9005.
W: Creating socket for 'localhost:9005', poll success, but error: Operation now in progress (29).
W: Creating socket for 'localhost:9005', connect: Cannot assign requested address.
E: Could not connect to client. :-(
Log closed at 2018-07-31 11:42:25

Log opened at 2018-07-31 11:42:25
I: Connecting to configured address/port: localhost:9005.
W: Creating socket for 'localhost:9005', poll success, but error: Operation now in progress (29).
W: Creating socket for 'localhost:9005', connect: Cannot assign requested address.
E: Could not connect to client. :-(
Log closed at 2018-07-31 11:42:25

Log opened at 2018-07-31 11:43:06
I: Connecting to configured address/port: localhost:9005.
W: Creating socket for 'localhost:9005', poll success, but error: Operation now in progress (29).
W: Creating socket for 'localhost:9005', connect: Cannot assign requested address.
E: Could not connect to client. :-(
Log closed at 2018-07-31 11:43:06

Log opened at 2018-07-31 11:43:06
I: Connecting to configured address/port: localhost:9005.
W: Creating socket for 'localhost:9005', poll success, but error: Operation now in progress (29).
W: Creating socket for 'localhost:9005', connect: Cannot assign requested address.
E: Could not connect to client. :-(
Log closed at 2018-07-31 11:43:06

Log opened at 2018-07-31 11:43:06
I: Connecting to configured address/port: localhost:9005.
W: Creating socket for 'localhost:9005', poll success, but error: Operation now in progress (29).
W: Creating socket for 'localhost:9005', connect: Cannot assign requested address.
E: Could not connect to client. :-(
Log closed at 2018-07-31 11:43:06

Log opened at 2018-07-31 11:43:37
I: Connecting to configured address/port: localhost:9005.
W: Creating socket for 'localhost:9005', poll success, but error: Operation now in progress (29).
W: Creating socket for 'localhost:9005', connect: Cannot assign requested address.
E: Could not connect to client. :-(
Log closed at 2018-07-31 11:43:37

Log opened at 2018-07-31 11:43:38
I: Connecting to configured address/port: localhost:9005.
W: Creating socket for 'localhost:9005', poll success, but error: Operation now in progress (29).
W: Creating socket for 'localhost:9005', connect: Cannot assign requested address.
E: Could not connect to client. :-(
Log closed at 2018-07-31 11:43:38

Log opened at 2018-07-31 11:43:38
I: Connecting to configured address/port: localhost:9005.
W: Creating socket for 'localhost:9005', poll success, but error: Operation now in progress (29).
W: Creating socket for 'localhost:9005', connect: Cannot assign requested address.
E: Could not connect to client. :-(
Log closed at 2018-07-31 11:43:38

Log opened at 2018-07-31 11:47:05
I: Connecting to configured address/port: localhost:9005.
W: Creating socket for 'localhost:9005', poll success, but error: Operation now in progress (29).
W: Creating socket for 'localhost:9005', connect: Cannot assign requested address.
E: Could not connect to client. :-(
Log closed at 2018-07-31 11:47:05

Log opened at 2018-07-31 11:47:06
I: Connecting to configured address/port: localhost:9005.
W: Creating socket for 'localhost:9005', poll success, but error: Operation now in progress (29).
W: Creating socket for 'localhost:9005', connect: Cannot assign requested address.
E: Could not connect to client. :-(
Log closed at 2018-07-31 11:47:06

Log opened at 2018-07-31 11:47:06
I: Connecting to configured address/port: localhost:9005.
W: Creating socket for 'localhost:9005', poll success, but error: Operation now in progress (29).
W: Creating socket for 'localhost:9005', connect: Cannot assign requested address.
E: Could not connect to client. :-(
Log closed at 2018-07-31 11:47:06

Log opened at 2018-07-31 12:08:13
I: Connecting to configured address/port: localhost:9005.
W: Creating socket for 'localhost:9005', poll success, but error: Operation now in progress (29).
W: Creating socket for 'localhost:9005', connect: Cannot assign requested address.
E: Could not connect to client. :-(
Log closed at 2018-07-31 12:08:13

Log opened at 2018-07-31 12:08:14
I: Connecting to configured address/port: localhost:9005.
W: Creating socket for 'localhost:9005', poll success, but error: Operation now in progress (29).
W: Creating socket for 'localhost:9005', connect: Cannot assign requested address.
E: Could not connect to client. :-(
Log closed at 2018-07-31 12:08:14

Log opened at 2018-07-31 12:08:14
I: Connecting to configured address/port: localhost:9005.
W: Creating socket for 'localhost:9005', poll success, but error: Operation now in progress (29).
W: Creating socket for 'localhost:9005', connect: Cannot assign requested address.
E: Could not connect to client. :-(
Log closed at 2018-07-31 12:08:14

Log opened at 2018-07-31 12:08:38
I: Connecting to configured address/port: localhost:9005.
W: Creating socket for 'localhost:9005', poll success, but error: Operation now in progress (29).
W: Creating socket for 'localhost:9005', connect: Cannot assign requested address.
E: Could not connect to client. :-(
Log closed at 2018-07-31 12:08:38

Log opened at 2018-07-31 12:08:38
I: Connecting to configured address/port: localhost:9005.
W: Creating socket for 'localhost:9005', poll success, but error: Operation now in progress (29).
W: Creating socket for 'localhost:9005', connect: Cannot assign requested address.
E: Could not connect to client. :-(
Log closed at 2018-07-31 12:08:38

Log opened at 2018-07-31 12:08:38
I: Connecting to configured address/port: localhost:9005.
W: Creating socket for 'localhost:9005', poll success, but error: Operation now in progress (29).
W: Creating socket for 'localhost:9005', connect: Cannot assign requested address.
E: Could not connect to client. :-(
Log closed at 2018-07-31 12:08:38

Log opened at 2018-07-31 12:08:57
I: Connecting to configured address/port: localhost:9005.
W: Creating socket for 'localhost:9005', poll success, but error: Operation now in progress (29).
W: Creating socket for 'localhost:9005', connect: Cannot assign requested address.
E: Could not connect to client. :-(
Log closed at 2018-07-31 12:08:57

Log opened at 2018-07-31 12:08:57
I: Connecting to configured address/port: localhost:9005.
W: Creating socket for 'localhost:9005', poll success, but error: Operation now in progress (29).
W: Creating socket for 'localhost:9005', connect: Cannot assign requested address.
E: Could not connect to client. :-(
Log closed at 2018-07-31 12:08:57

Log opened at 2018-07-31 12:08:57
I: Connecting to configured address/port: localhost:9005.
W: Creating socket for 'localhost:9005', poll success, but error: Operation now in progress (29).
W: Creating socket for 'localhost:9005', connect: Cannot assign requested address.
E: Could not connect to client. :-(
Log closed at 2018-07-31 12:08:57

Log opened at 2018-07-31 12:09:21
I: Connecting to configured address/port: localhost:9005.
W: Creating socket for 'localhost:9005', poll success, but error: Operation now in progress (29).
W: Creating socket for 'localhost:9005', connect: Cannot assign requested address.
E: Could not connect to client. :-(
Log closed at 2018-07-31 12:09:21

Log opened at 2018-07-31 12:09:22
I: Connecting to configured address/port: localhost:9005.
W: Creating socket for 'localhost:9005', poll success, but error: Operation now in progress (29).
W: Creating socket for 'localhost:9005', connect: Cannot assign requested address.
E: Could not connect to client. :-(
Log closed at 2018-07-31 12:09:22

Log opened at 2018-07-31 12:09:22
I: Connecting to configured address/port: localhost:9005.
W: Creating socket for 'localhost:9005', poll success, but error: Operation now in progress (29).
W: Creating socket for 'localhost:9005', connect: Cannot assign requested address.
E: Could not connect to client. :-(
Log closed at 2018-07-31 12:09:22

Log opened at 2018-07-31 12:10:05
I: Connecting to configured address/port: localhost:9005.
W: Creating socket for 'localhost:9005', poll success, but error: Operation now in progress (29).
W: Creating socket for 'localhost:9005', connect: Cannot assign requested address.
E: Could not connect to client. :-(
Log closed at 2018-07-31 12:10:05

Log opened at 2018-07-31 12:10:05
I: Connecting to configured address/port: localhost:9005.
W: Creating socket for 'localhost:9005', poll success, but error: Operation now in progress (29).
W: Creating socket for 'localhost:9005', connect: Cannot assign requested address.
E: Could not connect to client. :-(
Log closed at 2018-07-31 12:10:05

Log opened at 2018-07-31 12:10:05
I: Connecting to configured address/port: localhost:9005.
W: Creating socket for 'localhost:9005', poll success, but error: Operation now in progress (29).
W: Creating socket for 'localhost:9005', connect: Cannot assign requested address.
E: Could not connect to client. :-(
Log closed at 2018-07-31 12:10:05

Log opened at 2018-07-31 12:10:05
I: Connecting to configured address/port: localhost:9005.
W: Creating socket for 'localhost:9005', poll success, but error: Operation now in progress (29).
W: Creating socket for 'localhost:9005', connect: Cannot assign requested address.
E: Could not connect to client. :-(
Log closed at 2018-07-31 12:10:05

Log opened at 2018-07-31 12:10:30
I: Connecting to configured address/port: localhost:9005.
W: Creating socket for 'localhost:9005', poll success, but error: Operation now in progress (29).
W: Creating socket for 'localhost:9005', connect: Cannot assign requested address.
E: Could not connect to client. :-(
Log closed at 2018-07-31 12:10:30

Log opened at 2018-07-31 12:10:30
I: Connecting to configured address/port: localhost:9005.
W: Creating socket for 'localhost:9005', poll success, but error: Operation now in progress (29).
W: Creating socket for 'localhost:9005', connect: Cannot assign requested address.
E: Could not connect to client. :-(
Log closed at 2018-07-31 12:10:30

Log opened at 2018-07-31 12:10:30
I: Connecting to configured address/port: localhost:9005.
W: Creating socket for 'localhost:9005', poll success, but error: Operation now in progress (29).
W: Creating socket for 'localhost:9005', connect: Cannot assign requested address.
E: Could not connect to client. :-(
Log closed at 2018-07-31 12:10:30

Log opened at 2018-07-31 12:12:08
I: Connecting to configured address/port: localhost:9005.
W: Creating socket for 'localhost:9005', poll success, but error: Operation now in progress (29).
W: Creating socket for 'localhost:9005', connect: Cannot assign requested address.
E: Could not connect to client. :-(
Log closed at 2018-07-31 12:12:08

Log opened at 2018-07-31 12:12:08
I: Connecting to configured address/port: localhost:9005.
W: Creating socket for 'localhost:9005', poll success, but error: Operation now in progress (29).
W: Creating socket for 'localhost:9005', connect: Cannot assign requested address.
E: Could not connect to client. :-(
Log closed at 2018-07-31 12:12:08

Log opened at 2018-07-31 12:12:08
I: Connecting to configured address/port: localhost:9005.
W: Creating socket for 'localhost:9005', poll success, but error: Operation now in progress (29).
W: Creating socket for 'localhost:9005', connect: Cannot assign requested address.
E: Could not connect to client. :-(
Log closed at 2018-07-31 12:12:08

Log opened at 2018-07-31 12:22:54
I: Connecting to configured address/port: localhost:9005.
W: Creating socket for 'localhost:9005', poll success, but error: Operation now in progress (29).
W: Creating socket for 'localhost:9005', connect: Cannot assign requested address.
E: Could not connect to client. :-(
Log closed at 2018-07-31 12:22:54

Log opened at 2018-07-31 12:22:54
I: Connecting to configured address/port: localhost:9005.
W: Creating socket for 'localhost:9005', poll success, but error: Operation now in progress (29).
W: Creating socket for 'localhost:9005', connect: Cannot assign requested address.
E: Could not connect to client. :-(
Log closed at 2018-07-31 12:22:54

Log opened at 2018-07-31 12:23:27
I: Connecting to configured address/port: localhost:9005.
W: Creating socket for 'localhost:9005', poll success, but error: Operation now in progress (29).
W: Creating socket for 'localhost:9005', connect: Cannot assign requested address.
E: Could not connect to client. :-(
Log closed at 2018-07-31 12:23:27

Log opened at 2018-07-31 12:23:27
I: Connecting to configured address/port: localhost:9005.
W: Creating socket for 'localhost:9005', poll success, but error: Operation now in progress (29).
W: Creating socket for 'localhost:9005', connect: Cannot assign requested address.
E: Could not connect to client. :-(
Log closed at 2018-07-31 12:23:27

Log opened at 2018-07-31 12:23:27
I: Connecting to configured address/port: localhost:9005.
W: Creating socket for 'localhost:9005', poll success, but error: Operation now in progress (29).
W: Creating socket for 'localhost:9005', connect: Cannot assign requested address.
E: Could not connect to client. :-(
Log closed at 2018-07-31 12:23:27

Log opened at 2018-07-31 12:24:04
I: Connecting to configured address/port: localhost:9005.
W: Creating socket for 'localhost:9005', poll success, but error: Operation now in progress (29).
W: Creating socket for 'localhost:9005', connect: Cannot assign requested address.
E: Could not connect to client. :-(
Log closed at 2018-07-31 12:24:04

Log opened at 2018-07-31 12:24:04
I: Connecting to configured address/port: localhost:9005.
W: Creating socket for 'localhost:9005', poll success, but error: Operation now in progress (29).
W: Creating socket for 'localhost:9005', connect: Cannot assign requested address.
E: Could not connect to client. :-(
Log closed at 2018-07-31 12:24:04

Log opened at 2018-07-31 12:24:04
I: Connecting to configured address/port: localhost:9005.
W: Creating socket for 'localhost:9005', poll success, but error: Operation now in progress (29).
W: Creating socket for 'localhost:9005', connect: Cannot assign requested address.
E: Could not connect to client. :-(
Log closed at 2018-07-31 12:24:04

Log opened at 2018-08-01 05:17:55
I: Connecting to configured address/port: localhost:9005.
W: Creating socket for 'localhost:9005', poll success, but error: Operation now in progress (29).
W: Creating socket for 'localhost:9005', connect: Cannot assign requested address.
E: Could not connect to client. :-(
Log closed at 2018-08-01 05:17:55

Log opened at 2018-08-01 05:17:57
I: Connecting to configured address/port: localhost:9005.
W: Creating socket for 'localhost:9005', poll success, but error: Operation now in progress (29).
W: Creating socket for 'localhost:9005', connect: Cannot assign requested address.
E: Could not connect to client. :-(
Log closed at 2018-08-01 05:17:57

Log opened at 2018-08-01 05:18:01
I: Connecting to configured address/port: localhost:9005.
W: Creating socket for 'localhost:9005', poll success, but error: Operation now in progress (29).
W: Creating socket for 'localhost:9005', connect: Cannot assign requested address.
E: Could not connect to client. :-(
Log closed at 2018-08-01 05:18:01

Log opened at 2018-08-01 05:18:01
I: Connecting to configured address/port: localhost:9005.
W: Creating socket for 'localhost:9005', poll success, but error: Operation now in progress (29).
W: Creating socket for 'localhost:9005', connect: Cannot assign requested address.
E: Could not connect to client. :-(
Log closed at 2018-08-01 05:18:01

Log opened at 2018-08-01 05:18:02
I: Connecting to configured address/port: localhost:9005.
W: Creating socket for 'localhost:9005', poll success, but error: Operation now in progress (29).
W: Creating socket for 'localhost:9005', connect: Cannot assign requested address.
E: Could not connect to client. :-(
Log closed at 2018-08-01 05:18:02

Log opened at 2018-08-01 05:18:10
I: Connecting to configured address/port: localhost:9005.
W: Creating socket for 'localhost:9005', poll success, but error: Operation now in progress (29).
W: Creating socket for 'localhost:9005', connect: Cannot assign requested address.
E: Could not connect to client. :-(
Log closed at 2018-08-01 05:18:10

Log opened at 2018-08-01 05:18:10
I: Connecting to configured address/port: localhost:9005.
W: Creating socket for 'localhost:9005', poll success, but error: Operation now in progress (29).
W: Creating socket for 'localhost:9005', connect: Cannot assign requested address.
E: Could not connect to client. :-(
Log closed at 2018-08-01 05:18:10

Log opened at 2018-08-01 05:18:10
I: Connecting to configured address/port: localhost:9005.
W: Creating socket for 'localhost:9005', poll success, but error: Operation now in progress (29).
W: Creating socket for 'localhost:9005', connect: Cannot assign requested address.
E: Could not connect to client. :-(
Log closed at 2018-08-01 05:18:10

Log opened at 2018-08-01 05:18:10
I: Connecting to configured address/port: localhost:9005.
W: Creating socket for 'localhost:9005', poll success, but error: Operation now in progress (29).
W: Creating socket for 'localhost:9005', connect: Cannot assign requested address.
E: Could not connect to client. :-(
Log closed at 2018-08-01 05:18:10

Log opened at 2018-08-01 05:18:33
I: Connecting to configured address/port: localhost:9005.
W: Creating socket for 'localhost:9005', poll success, but error: Operation now in progress (29).
W: Creating socket for 'localhost:9005', connect: Cannot assign requested address.
E: Could not connect to client. :-(
Log closed at 2018-08-01 05:18:33

Log opened at 2018-08-01 05:18:34
I: Connecting to configured address/port: localhost:9005.
W: Creating socket for 'localhost:9005', poll success, but error: Operation now in progress (29).
W: Creating socket for 'localhost:9005', connect: Cannot assign requested address.
E: Could not connect to client. :-(
Log closed at 2018-08-01 05:18:34

Log opened at 2018-08-01 05:18:34
I: Connecting to configured address/port: localhost:9005.
W: Creating socket for 'localhost:9005', poll success, but error: Operation now in progress (29).
W: Creating socket for 'localhost:9005', connect: Cannot assign requested address.
E: Could not connect to client. :-(
Log closed at 2018-08-01 05:18:34

